GC Heap History (10 events):
Event: 2199.151 GC heap before
{Heap before GC invocations=70 (full 0):
 garbage-first heap   total 384000K, used 319549K [0x00000000a0000000, 0x00000000a0100bb8, 0x0000000100000000)
  region size 1024K, 175 young (179200K), 24 survivors (24576K)
 Metaspace       used 105164K, capacity 115378K, committed 115528K, reserved 1150976K
  class space    used 11876K, capacity 14647K, committed 14664K, reserved 1048576K
Event: 2199.180 GC heap after
Heap after GC invocations=71 (full 0):
 garbage-first heap   total 384000K, used 200192K [0x00000000a0000000, 0x00000000a0100bb8, 0x0000000100000000)
  region size 1024K, 22 young (22528K), 22 survivors (22528K)
 Metaspace       used 105164K, capacity 115378K, committed 115528K, reserved 1150976K
  class space    used 11876K, capacity 14647K, committed 14664K, reserved 1048576K
}
Event: 2258.600 GC heap before
{Heap before GC invocations=71 (full 0):
 garbage-first heap   total 384000K, used 322048K [0x00000000a0000000, 0x00000000a0100bb8, 0x0000000100000000)
  region size 1024K, 141 young (144384K), 22 survivors (22528K)
 Metaspace       used 106014K, capacity 116188K, committed 116296K, reserved 1150976K
  class space    used 11911K, capacity 14656K, committed 14664K, reserved 1048576K
Event: 2258.626 GC heap after
Heap after GC invocations=72 (full 0):
 garbage-first heap   total 384000K, used 220733K [0x00000000a0000000, 0x00000000a0100bb8, 0x0000000100000000)
  region size 1024K, 18 young (18432K), 18 survivors (18432K)
 Metaspace       used 106014K, capacity 116188K, committed 116296K, reserved 1150976K
  class space    used 11911K, capacity 14656K, committed 14664K, reserved 1048576K
}
Event: 2288.288 GC heap before
{Heap before GC invocations=73 (full 0):
 garbage-first heap   total 384000K, used 257597K [0x00000000a0000000, 0x00000000a0100bb8, 0x0000000100000000)
  region size 1024K, 121 young (123904K), 18 survivors (18432K)
 Metaspace       used 106082K, capacity 116286K, committed 116552K, reserved 1150976K
  class space    used 11908K, capacity 14651K, committed 14664K, reserved 1048576K
Event: 2288.301 GC heap after
Heap after GC invocations=74 (full 0):
 garbage-first heap   total 384000K, used 146493K [0x00000000a0000000, 0x00000000a0100bb8, 0x0000000100000000)
  region size 1024K, 13 young (13312K), 13 survivors (13312K)
 Metaspace       used 106082K, capacity 116286K, committed 116552K, reserved 1150976K
  class space    used 11908K, capacity 14651K, committed 14664K, reserved 1048576K
}
Event: 2288.633 GC heap before
{Heap before GC invocations=74 (full 0):
 garbage-first heap   total 384000K, used 151613K [0x00000000a0000000, 0x00000000a0100bb8, 0x0000000100000000)
  region size 1024K, 18 young (18432K), 13 survivors (13312K)
 Metaspace       used 106089K, capacity 116286K, committed 116552K, reserved 1150976K
  class space    used 11908K, capacity 14651K, committed 14664K, reserved 1048576K
Event: 2288.648 GC heap after
Heap after GC invocations=75 (full 0):
 garbage-first heap   total 384000K, used 137111K [0x00000000a0000000, 0x00000000a0100bb8, 0x0000000100000000)
  region size 1024K, 2 young (2048K), 2 survivors (2048K)
 Metaspace       used 106089K, capacity 116286K, committed 116552K, reserved 1150976K
  class space    used 11908K, capacity 14651K, committed 14664K, reserved 1048576K
}
Event: 2393.238 GC heap before
{Heap before GC invocations=75 (full 0):
 garbage-first heap   total 384000K, used 318359K [0x00000000a0000000, 0x00000000a0100bb8, 0x0000000100000000)
  region size 1024K, 179 young (183296K), 2 survivors (2048K)
 Metaspace       used 106254K, capacity 116510K, committed 116680K, reserved 1150976K
  class space    used 11911K, capacity 14683K, committed 14792K, reserved 1048576K
Event: 2393.260 GC heap after
Heap after GC invocations=76 (full 0):
 garbage-first heap   total 384000K, used 161280K [0x00000000a0000000, 0x00000000a0100bb8, 0x0000000100000000)
  region size 1024K, 23 young (23552K), 23 survivors (23552K)
 Metaspace       used 106254K, capacity 116510K, committed 116680K, reserved 1150976K
  class space    used 11911K, capacity 14683K, committed 14792K, reserved 1048576K
}

