# JRE version: Java(TM) SE Runtime Environment (8.0_144-b01) (build 1.8.0_144-b01)
# Java VM: Java HotSpot(TM) 64-Bit Server VM (25.144-b01 mixed mode windows-amd64 compressed oops)
Heap:
 garbage-first heap   total 395264K, used 256512K [0x00000000a0000000, 0x00000000a0100c10, 0x0000000100000000)
  region size 1024K, 78 young (79872K), 22 survivors (22528K)
 Metaspace       used 113987K, capacity 125280K, committed 125640K, reserved 1159168K
  class space    used 12897K, capacity 15968K, committed 16072K, reserved 1048576K
GC Heap History (10 events):
Event: 2580.464 GC heap before
{Heap before GC invocations=80 (full 0):
 garbage-first heap   total 393216K, used 344575K [0x00000000a0000000, 0x00000000a0100c00, 0x0000000100000000)
  region size 1024K, 176 young (180224K), 2 survivors (2048K)
 Metaspace       used 112227K, capacity 123652K, committed 123976K, reserved 1157120K
  class space    used 12780K, capacity 15884K, committed 15944K, reserved 1048576K
Event: 2580.506 GC heap after
Heap after GC invocations=81 (full 0):
 garbage-first heap   total 395264K, used 215040K [0x00000000a0000000, 0x00000000a0100c10, 0x0000000100000000)
  region size 1024K, 22 young (22528K), 22 survivors (22528K)
 Metaspace       used 112227K, capacity 123652K, committed 123976K, reserved 1157120K
  class space    used 12780K, capacity 15884K, committed 15944K, reserved 1048576K
}
Event: 2607.604 GC heap before
{Heap before GC invocations=81 (full 0):
 garbage-first heap   total 395264K, used 332800K [0x00000000a0000000, 0x00000000a0100c10, 0x0000000100000000)
  region size 1024K, 137 young (140288K), 22 survivors (22528K)
 Metaspace       used 113554K, capacity 125066K, committed 125384K, reserved 1159168K
  class space    used 12880K, capacity 15965K, committed 16072K, reserved 1048576K
Event: 2607.625 GC heap after
Heap after GC invocations=82 (full 0):
 garbage-first heap   total 395264K, used 226816K [0x00000000a0000000, 0x00000000a0100c10, 0x0000000100000000)
  region size 1024K, 18 young (18432K), 18 survivors (18432K)
 Metaspace       used 113554K, capacity 125066K, committed 125384K, reserved 1159168K
  class space    used 12880K, capacity 15965K, committed 16072K, reserved 1048576K
}
Event: 2705.404 GC heap before
{Heap before GC invocations=83 (full 0):
 garbage-first heap   total 395264K, used 260608K [0x00000000a0000000, 0x00000000a0100c10, 0x0000000100000000)
  region size 1024K, 125 young (128000K), 18 survivors (18432K)
 Metaspace       used 113661K, capacity 125162K, committed 125384K, reserved 1159168K
  class space    used 12877K, capacity 15959K, committed 16072K, reserved 1048576K
Event: 2705.428 GC heap after
Heap after GC invocations=84 (full 0):
 garbage-first heap   total 395264K, used 172544K [0x00000000a0000000, 0x00000000a0100c10, 0x0000000100000000)
  region size 1024K, 16 young (16384K), 16 survivors (16384K)
 Metaspace       used 113661K, capacity 125162K, committed 125384K, reserved 1159168K
  class space    used 12877K, capacity 15959K, committed 16072K, reserved 1048576K
}
Event: 2705.454 GC heap before
{Heap before GC invocations=84 (full 0):
 garbage-first heap   total 395264K, used 175616K [0x00000000a0000000, 0x00000000a0100c10, 0x0000000100000000)
  region size 1024K, 19 young (19456K), 16 survivors (16384K)
 Metaspace       used 113662K, capacity 125162K, committed 125384K, reserved 1159168K
  class space    used 12877K, capacity 15959K, committed 16072K, reserved 1048576K
Event: 2705.476 GC heap after
Heap after GC invocations=85 (full 0):
 garbage-first heap   total 395264K, used 150528K [0x00000000a0000000, 0x00000000a0100c10, 0x0000000100000000)
  region size 1024K, 3 young (3072K), 3 survivors (3072K)
 Metaspace       used 113662K, capacity 125162K, committed 125384K, reserved 1159168K
  class space    used 12877K, capacity 15959K, committed 16072K, reserved 1048576K
}
Event: 2927.354 GC heap before
{Heap before GC invocations=85 (full 0):
 garbage-first heap   total 395264K, used 324608K [0x00000000a0000000, 0x00000000a0100c10, 0x0000000100000000)
  region size 1024K, 173 young (177152K), 3 survivors (3072K)
 Metaspace       used 113938K, capacity 125280K, committed 125640K, reserved 1159168K
  class space    used 12896K, capacity 15968K, committed 16072K, reserved 1048576K
Event: 2927.392 GC heap after
Heap after GC invocations=86 (full 0):
 garbage-first heap   total 395264K, used 200192K [0x00000000a0000000, 0x00000000a0100c10, 0x0000000100000000)
  region size 1024K, 22 young (22528K), 22 survivors (22528K)
 Metaspace       used 113938K, capacity 125280K, committed 125640K, reserved 1159168K
  class space    used 12896K, capacity 15968K, committed 16072K, reserved 1048576K
}

